[www.gamestopsol.fun/index.html]
[backblue.gif]
[fade.gif]
[index.html]
[www.gamestopsol.fun/css/style.min85d8.css]
[www.gamestopsol.fun/logo.png]
[www.gamestopsol.fun/img/header/social/03.svg]
[www.gamestopsol.fun/img/hero/cup.png]
[www.gamestopsol.fun/img/buy/buttle.png]
[platform.twitter.com/widgets.js]
[www.gamestopsol.fun/img/tokenomiks/li-3.svg]
[www.gamestopsol.fun/img/tokenomiks/li-4.svg]
[www.gamestopsol.fun/index.html]
[www.gamestopsol.fun/css/style.min85d8.css]
[www.gamestopsol.fun/img/header/social/x.svg]
[www.gamestopsol.fun/img/header/social/bxl_telegram.svg]
[www.gamestopsol.fun/img/header/social/03.svg]
[www.gamestopsol.fun/img/buy/arrow.svg]
[www.gamestopsol.fun/img/buy/arr-right.svg]
[www.gamestopsol.fun/img/tokenomiks/li-1.svg]
[www.gamestopsol.fun/img/tokenomiks/li-2.svg]
[www.gamestopsol.fun/img/tokenomiks/li-3.svg]
[www.gamestopsol.fun/img/tokenomiks/li-4.svg]
[www.gamestopsol.fun/js/app.min85d8.js]
